Step: step-credential-initializer-gp6fd:

{"level":"warn","ts":1565727220.6014106,"logger":"fallback-logger","caller":"logging/config.go:69","msg":"Fetch GitHub commit ID from kodata failed: \"ref: refs/heads/master\" is not a valid GitHub commit ID"}
{"level":"info","ts":1565727220.602278,"logger":"fallback-logger","caller":"creds-init/main.go:40","msg":"Credentials initialized."}
Step: step-working-dir-initializer-qv9d2:

{"level":"warn","ts":1565727221.604582,"logger":"fallback-logger","caller":"logging/config.go:69","msg":"Fetch GitHub commit ID from kodata failed: open /var/run/ko/HEAD: no such file or directory"}
{"level":"info","ts":1565727221.6060145,"logger":"fallback-logger","caller":"bash/main.go:65","msg":"Successfully executed command \"mkdir -p /workspace/source\""}
Step: step-place-tools:

Step: step-git-source-meta-*********-go-demo-6-master-vfzw6:

{"level":"warn","ts":1565727243.799009,"logger":"fallback-logger","caller":"logging/config.go:69","msg":"Fetch GitHub commit ID from kodata failed: \"ref: refs/heads/master\" is not a valid GitHub commit ID"}
{"level":"info","ts":1565727244.5786395,"logger":"fallback-logger","caller":"git/git.go:102","msg":"Successfully cloned https://github.com/*********/go-demo-6.git @ a0c84d11e2844f7c64c21881f4b06942f76b78c4 in path /workspace/source"}
Step: step-git-merge:

{"level":"info","msg":"Using SHAs from PULL_REFS=master:a0c84d11e2844f7c64c21881f4b06942f76b78c4","time":"2019-08-13T20:14:05Z"}
{"level":"warning","msg":"no SHAs to merge, falling back to initial cloned commit","time":"2019-08-13T20:14:05Z"}
Step: step-merge-pull-refs:

SKIP merge-pull-refs: Nothing to merge
Step: step-create-effective-pipeline:

{"level":"info","msg":"Deleting and cloning the Jenkins X versions repo","time":"2019-08-13T20:14:07Z"}
{"level":"info","msg":"Cloning the Jenkins X versions repo https://github.com/jenkins-x/jenkins-x-versions.git with ref refs/heads/master to /builder/home/.jx/jenkins-x-versions","time":"2019-08-13T20:14:07Z"}
{"level":"info","msg":"Effective pipeline written to jenkins-x-release-effective.yml","time":"2019-08-13T20:14:08Z"}
Step: step-create-tekton-crds:

{"level":"info","msg":"running command: echo \\$(jx-release-version) \u003e VERSION","time":"2019-08-13T20:14:10Z"}
{"level":"info","msg":"","time":"2019-08-13T20:14:12Z"}
{"level":"info","msg":"running command: jx step tag --version \\$(cat VERSION)","time":"2019-08-13T20:14:12Z"}
{"level":"info","msg":"Updating chart version in charts/go-demo-6/Chart.yaml to 2.0.0","time":"2019-08-13T20:14:12Z"}
{"level":"info","msg":"Updating repository in charts/go-demo-6/values.yaml to 10.27.241.83:5000/*********/go-demo-6","time":"2019-08-13T20:14:12Z"}
{"level":"info","msg":"Updating tag in charts/go-demo-6/values.yaml to 2.0.0","time":"2019-08-13T20:14:12Z"}
{"level":"info","msg":"Tag v2.0.0 created and pushed to remote origin","time":"2019-08-13T20:14:15Z"}
{"level":"info","msg":"","time":"2019-08-13T20:14:15Z"}
{"level":"warning","msg":"failed to find secret kaniko-secret in namespace *********: secrets \"kaniko-secret\" not found","time":"2019-08-13T20:14:15Z"}
{"level":"info","msg":"PipelineActivity for *********-go-demo-6-master-8","time":"2019-08-13T20:14:15Z"}
{"level":"info","msg":"Applying changes ","time":"2019-08-13T20:14:15Z"}
{"level":"info","msg":"upserted PipelineResource *********-go-demo-6-master-rele for the git repository https://github.com/*********/go-demo-6.git and branch master","time":"2019-08-13T20:14:15Z"}
{"level":"info","msg":"upserted Task *********-go-demo-6-master-rele-68shm-from-build-pack-8","time":"2019-08-13T20:14:15Z"}
{"level":"info","msg":"upserted Pipeline *********-go-demo-6-master-rele-68shm-8","time":"2019-08-13T20:14:15Z"}
{"level":"info","msg":"created PipelineRun *********-go-demo-6-master-rele-68shm-8","time":"2019-08-13T20:14:15Z"}
{"level":"info","msg":"created PipelineStructure *********-go-demo-6-master-rele-68shm-8","time":"2019-08-13T20:14:15Z"}
